<?xml version="1.0" encoding="UTF-8"?><testsuites time="0.644"><testsuite name="Home page is ok." tests="2" failures="0" errors="0" time="0.644" timestamp="2019-05-03T21:49:24.892Z" package="test"><testcase name="Subject equals the expected value" classname="test" time="0.642"/><testcase name="Find &quot;wallfish&quot; within the selector &quot;#secret-word&quot;" classname="test" time="0.002"/><system-out><![CDATA[]]></system-out></testsuite></testsuites>